BluetoothChat/build/outputs/logs/manifest-merger-debug-report.txt
-- Merging decision tree log ---
manifest
ADDED from crs20120610110223huangpeng\BluetoothChat\AndroidManifest.xml:2:1-32:12
	xmlns:android
		ADDED from crs20120610110223huangpeng\BluetoothChat\AndroidManifest.xml:2:11-69
	package
		ADDED from crs20120610110223huangpeng\BluetoothChat\AndroidManifest.xml:3:7-50
	android:versionName
		ADDED from crs20120610110223huangpeng\BluetoothChat\AndroidManifest.xml:5:7-32
		INJECTED from crs20120610110223huangpeng\BluetoothChat\AndroidManifest.xml
		INJECTED from crs20120610110223huangpeng\BluetoothChat\AndroidManifest.xml
	android:versionCode
		ADDED from crs20120610110223huangpeng\BluetoothChat\AndroidManifest.xml:4:7-30
		INJECTED from crs20120610110223huangpeng\BluetoothChat\AndroidManifest.xml
		INJECTED from crs20120610110223huangpeng\BluetoothChat\AndroidManifest.xml
uses-permission#android.permission.BLUETOOTH_ADMIN
ADDED from crs20120610110223huangpeng\BluetoothChat\AndroidManifest.xml:8:5-74
	android:name
		ADDED from crs20120610110223huangpeng\BluetoothChat\AndroidManifest.xml:8:22-71
uses-permission#android.permission.BLUETOOTH
ADDED from crs20120610110223huangpeng\BluetoothChat\AndroidManifest.xml:9:5-68
	android:name
		ADDED from crs20120610110223huangpeng\BluetoothChat\AndroidManifest.xml:9:22-65
uses-permission#android.permission.RESTART_PACKAGES
ADDED from crs20120610110223huangpeng\BluetoothChat\AndroidManifest.xml:11:5-74
	android:name
		ADDED from crs20120610110223huangpeng\BluetoothChat\AndroidManifest.xml:11:22-72
application
ADDED from crs20120610110223huangpeng\BluetoothChat\AndroidManifest.xml:12:5-31:19
	android:label
		ADDED from crs20120610110223huangpeng\BluetoothChat\AndroidManifest.xml:12:18-50
	android:icon
		ADDED from crs20120610110223huangpeng\BluetoothChat\AndroidManifest.xml:13:18-47
activity#com.example.android.BluetoothChat.BluetoothChat
ADDED from crs20120610110223huangpeng\BluetoothChat\AndroidManifest.xml:14:9-22:20
	android:label
		ADDED from crs20120610110223huangpeng\BluetoothChat\AndroidManifest.xml:15:19-51
	android:configChanges
		ADDED from crs20120610110223huangpeng\BluetoothChat\AndroidManifest.xml:17:19-69
	android:theme
		ADDED from crs20120610110223huangpeng\BluetoothChat\AndroidManifest.xml:16:19-62
	android:name
		ADDED from crs20120610110223huangpeng\BluetoothChat\AndroidManifest.xml:14:19-48
intent-filter#android.intent.action.MAIN+android.intent.category.LAUNCHER
ADDED from crs20120610110223huangpeng\BluetoothChat\AndroidManifest.xml:18:13-21:29
action#android.intent.action.MAIN
ADDED from crs20120610110223huangpeng\BluetoothChat\AndroidManifest.xml:19:17-69
	android:name
		ADDED from crs20120610110223huangpeng\BluetoothChat\AndroidManifest.xml:19:25-66
category#android.intent.category.LAUNCHER
ADDED from crs20120610110223huangpeng\BluetoothChat\AndroidManifest.xml:20:17-77
	android:name
		ADDED from crs20120610110223huangpeng\BluetoothChat\AndroidManifest.xml:20:27-74
activity#com.example.android.BluetoothChat.DeviceListActivity
ADDED from crs20120610110223huangpeng\BluetoothChat\AndroidManifest.xml:23:9-26:72
	android:label
		ADDED from crs20120610110223huangpeng\BluetoothChat\AndroidManifest.xml:24:19-56
	android:configChanges
		ADDED from crs20120610110223huangpeng\BluetoothChat\AndroidManifest.xml:26:19-69
	android:theme
		ADDED from crs20120610110223huangpeng\BluetoothChat\AndroidManifest.xml:25:19-62
	android:name
		ADDED from crs20120610110223huangpeng\BluetoothChat\AndroidManifest.xml:23:19-53
activity#com.example.android.BluetoothChat.RecordListActivity
ADDED from crs20120610110223huangpeng\BluetoothChat\AndroidManifest.xml:27:9-30:72
	android:label
		ADDED from crs20120610110223huangpeng\BluetoothChat\AndroidManifest.xml:28:19-49
	android:configChanges
		ADDED from crs20120610110223huangpeng\BluetoothChat\AndroidManifest.xml:30:19-69
	android:theme
		ADDED from crs20120610110223huangpeng\BluetoothChat\AndroidManifest.xml:29:19-62
	android:name
		ADDED from crs20120610110223huangpeng\BluetoothChat\AndroidManifest.xml:27:19-53